13-08-2020 14:42:52.106 [Gauge] [INFO] Watching directory: C:\Users\testinium\IdeaProjects\GaugeProject\specs
13-08-2020 14:42:52.107 [Gauge] [DEBUG] Found 2 files
13-08-2020 14:42:52.108 [Gauge] [ERROR] Concept parse failure: C:\Users\testinium\IdeaProjects\GaugeProject\specs\Main.cpt C:\Users\testinium\IdeaProjects\GaugeProject\specs\Main.cpt:4 Concept heading can have only Dynamic Parameters => 'Kullanıcı adı "gokhan.ozhan@testinium.com" ve şifre bilgisi "Testtest1" ile login işlemi'
13-08-2020 14:42:52.108 [Gauge] [ERROR] Concept parse failure: C:\Users\testinium\IdeaProjects\GaugeProject\specs\Main.cpt C:\Users\testinium\IdeaProjects\GaugeProject\specs\Main.cpt:5 Step is not defined inside a concept heading => 'Css "a[id='login']" tıkla'
13-08-2020 14:42:52.109 [Gauge] [ERROR] Concept parse failure: C:\Users\testinium\IdeaProjects\GaugeProject\specs\Main.cpt C:\Users\testinium\IdeaProjects\GaugeProject\specs\Main.cpt:6 Step is not defined inside a concept heading => '"2" Saniye Bekle'
13-08-2020 14:42:52.109 [Gauge] [ERROR] Concept parse failure: C:\Users\testinium\IdeaProjects\GaugeProject\specs\Main.cpt C:\Users\testinium\IdeaProjects\GaugeProject\specs\Main.cpt:7 Step is not defined inside a concept heading => 'Css "input[name'username']" bul "gokhan.ozhan@testinium.com" gönder'
13-08-2020 14:42:52.109 [Gauge] [ERROR] Concept parse failure: C:\Users\testinium\IdeaProjects\GaugeProject\specs\Main.cpt C:\Users\testinium\IdeaProjects\GaugeProject\specs\Main.cpt:8 Step is not defined inside a concept heading => '"1" Saniye Bekle'
13-08-2020 14:42:52.109 [Gauge] [ERROR] Concept parse failure: C:\Users\testinium\IdeaProjects\GaugeProject\specs\Main.cpt C:\Users\testinium\IdeaProjects\GaugeProject\specs\Main.cpt:9 Step is not defined inside a concept heading => 'Css "input[name'password']" bul "Testtest1" gönder'
13-08-2020 14:42:52.109 [Gauge] [ERROR] Concept parse failure: C:\Users\testinium\IdeaProjects\GaugeProject\specs\Main.cpt C:\Users\testinium\IdeaProjects\GaugeProject\specs\Main.cpt:10 Step is not defined inside a concept heading => '"1" Saniye Bekle'
13-08-2020 14:42:52.109 [Gauge] [ERROR] Concept parse failure: C:\Users\testinium\IdeaProjects\GaugeProject\specs\Main.cpt C:\Users\testinium\IdeaProjects\GaugeProject\specs\Main.cpt:11 Step is not defined inside a concept heading => 'Css "button[name'btnLogin']" tıkla'
13-08-2020 14:42:52.109 [Gauge] [ERROR] Parse failure: [[ParseError] C:\Users\testinium\IdeaProjects\GaugeProject\specs\Main.cpt:4 Concept heading can have only Dynamic Parameters => 'Kullanıcı adı "gokhan.ozhan@testinium.com" ve şifre bilgisi "Testtest1" ile login işlemi' [ParseError] C:\Users\testinium\IdeaProjects\GaugeProject\specs\Main.cpt:5 Step is not defined inside a concept heading => 'Css "a[id='login']" tıkla' [ParseError] C:\Users\testinium\IdeaProjects\GaugeProject\specs\Main.cpt:6 Step is not defined inside a concept heading => '"2" Saniye Bekle' [ParseError] C:\Users\testinium\IdeaProjects\GaugeProject\specs\Main.cpt:7 Step is not defined inside a concept heading => 'Css "input[name'username']" bul "gokhan.ozhan@testinium.com" gönder' [ParseError] C:\Users\testinium\IdeaProjects\GaugeProject\specs\Main.cpt:8 Step is not defined inside a concept heading => '"1" Saniye Bekle' [ParseError] C:\Users\testinium\IdeaProjects\GaugeProject\specs\Main.cpt:9 Step is not defined inside a concept heading => 'Css "input[name'password']" bul "Testtest1" gönder' [ParseError] C:\Users\testinium\IdeaProjects\GaugeProject\specs\Main.cpt:10 Step is not defined inside a concept heading => '"1" Saniye Bekle' [ParseError] C:\Users\testinium\IdeaProjects\GaugeProject\specs\Main.cpt:11 Step is not defined inside a concept heading => 'Css "button[name'btnLogin']" tıkla']
13-08-2020 14:42:52.109 [Gauge] [INFO] Initializing concepts cache with 3 concepts
13-08-2020 14:42:52.109 [Gauge] [DEBUG] Adding concepts from C:\Users\testinium\IdeaProjects\GaugeProject\specs\Main.cpt
13-08-2020 14:42:52.109 [Gauge] [DEBUG] Adding concepts from C:\Users\testinium\IdeaProjects\GaugeProject\specs\Main.cpt
13-08-2020 14:42:52.109 [Gauge] [DEBUG] Adding concepts from C:\Users\testinium\IdeaProjects\GaugeProject\specs\Main.cpt
13-08-2020 14:42:52.110 [Gauge] [INFO] Initializing specs cache with 1 specs
13-08-2020 14:42:52.110 [Gauge] [DEBUG] Adding specs from C:\Users\testinium\IdeaProjects\GaugeProject\specs\example.spec
13-08-2020 14:42:52.110 [Gauge] [INFO] Initializing steps cache with 2 steps
13-08-2020 14:42:52.110 [Gauge] [INFO] Gauge daemon initialized and listening on port: 53120
13-08-2020 14:43:01.078 [Gauge] [DEBUG] Api Request Received: messageType:GetStepValueRequest messageId:4 stepValueRequest:<stepText:"Validate login" > 
13-08-2020 14:43:01.079 [Gauge] [DEBUG] Sending API response: messageType:GetStepValueResponse messageId:4 stepValueResponse:<stepValue:<stepValue:"Validate login" parameterizedStepValue:"Validate login" > > 
13-08-2020 14:43:01.521 [Gauge] [DEBUG] Api Request Received: messageType:GetStepValueRequest messageId:4 stepValueRequest:<stepText:"<Key> Saniye Bekle" > 
13-08-2020 14:43:01.526 [Gauge] [DEBUG] Sending API response: messageType:GetStepValueResponse messageId:4 stepValueResponse:<stepValue:<stepValue:"{} Saniye Bekle" parameterizedStepValue:"<Key> Saniye Bekle" parameters:"Key" > > 
13-08-2020 14:43:01.552 [Gauge] [DEBUG] Api Request Received: messageType:GetStepValueRequest messageId:4 stepValueRequest:<stepText:"Css <element> t\304\261kla" > 
13-08-2020 14:43:01.552 [Gauge] [DEBUG] Sending API response: messageType:GetStepValueResponse messageId:4 stepValueResponse:<stepValue:<stepValue:"Css {} t\304\261kla" parameterizedStepValue:"Css <element> t\304\261kla" parameters:"element" > > 
13-08-2020 14:43:01.572 [Gauge] [DEBUG] Api Request Received: messageType:GetStepValueRequest messageId:4 stepValueRequest:<stepText:"Css <element> bul <key> g\303\266nder" > 
13-08-2020 14:43:01.578 [Gauge] [DEBUG] Sending API response: messageType:GetStepValueResponse messageId:4 stepValueResponse:<stepValue:<stepValue:"Css {} bul {} g\303\266nder" parameterizedStepValue:"Css <element> bul <key> g\303\266nder" parameters:"element" parameters:"key" > > 
13-08-2020 14:43:01.710 [Gauge] [DEBUG] Api Request Received: messageType:GetStepValueRequest messageId:4 stepValueRequest:<stepText:"\"2\" Saniye Bekle" > 
13-08-2020 14:43:01.711 [Gauge] [DEBUG] Sending API response: messageType:GetStepValueResponse messageId:4 stepValueResponse:<stepValue:<stepValue:"{} Saniye Bekle" parameterizedStepValue:"<2> Saniye Bekle" parameters:"2" > > 
13-08-2020 14:43:01.711 [Gauge] [DEBUG] Api Request Received: messageType:GetStepValueRequest messageId:4 stepValueRequest:<stepText:"Kullan\304\261c\304\261 ad\304\261 \"gokhan.ozhan@testinium.com\" ve \305\237ifre bilgisi \"Testtest1\"ile login i\305\237lemi" > 
13-08-2020 14:43:01.711 [Gauge] [DEBUG] Sending API response: messageType:GetStepValueResponse messageId:4 stepValueResponse:<stepValue:<stepValue:"Kullan\304\261c\304\261 ad\304\261 {} ve \305\237ifre bilgisi {}ile login i\305\237lemi" parameterizedStepValue:"Kullan\304\261c\304\261 ad\304\261 <gokhan.ozhan@testinium.com> ve \305\237ifre bilgisi <Testtest1>ile login i\305\237lemi" parameters:"gokhan.ozhan@testinium.com" parameters:"Testtest1" > > 
13-08-2020 14:43:01.712 [Gauge] [DEBUG] Api Request Received: messageType:GetStepValueRequest messageId:4 stepValueRequest:<stepText:"*Css \"input[name'username']\" bul \"gokhan.ozhan@testinium.com\" g\303\266nder" > 
13-08-2020 14:43:01.718 [Gauge] [DEBUG] Sending API response: messageType:GetStepValueResponse messageId:4 stepValueResponse:<stepValue:<stepValue:"*Css {} bul {} g\303\266nder" parameterizedStepValue:"*Css <input[name'username']> bul <gokhan.ozhan@testinium.com> g\303\266nder" parameters:"input[name'username']" parameters:"gokhan.ozhan@testinium.com" > > 
13-08-2020 14:43:01.718 [Gauge] [DEBUG] Api Request Received: messageType:GetStepValueRequest messageId:4 stepValueRequest:<stepText:"*Css \"a[id='login']\" t\304\261kla" > 
13-08-2020 14:43:01.718 [Gauge] [DEBUG] Sending API response: messageType:GetStepValueResponse messageId:4 stepValueResponse:<stepValue:<stepValue:"*Css {} t\304\261kla" parameterizedStepValue:"*Css <a[id='login']> t\304\261kla" parameters:"a[id='login']" > > 
13-08-2020 14:43:01.718 [Gauge] [DEBUG] Api Request Received: messageType:GetStepValueRequest messageId:4 stepValueRequest:<stepText:"*Css \"button[name'btnLogin']\" t\304\261kla" > 
13-08-2020 14:43:01.718 [Gauge] [DEBUG] Sending API response: messageType:GetStepValueResponse messageId:4 stepValueResponse:<stepValue:<stepValue:"*Css {} t\304\261kla" parameterizedStepValue:"*Css <button[name'btnLogin']> t\304\261kla" parameters:"button[name'btnLogin']" > > 
13-08-2020 14:43:01.721 [Gauge] [DEBUG] Api Request Received: messageType:GetStepValueRequest messageId:4 stepValueRequest:<stepText:"* Select random brand" > 
13-08-2020 14:43:01.722 [Gauge] [DEBUG] Sending API response: messageType:GetStepValueResponse messageId:4 stepValueResponse:<stepValue:<stepValue:"* Select random brand" parameterizedStepValue:"* Select random brand" > > 
13-08-2020 14:43:01.722 [Gauge] [DEBUG] Api Request Received: messageType:GetStepValueRequest messageId:4 stepValueRequest:<stepText:"*\"1\" Saniye Bekle" > 
13-08-2020 14:43:01.722 [Gauge] [DEBUG] Sending API response: messageType:GetStepValueResponse messageId:4 stepValueResponse:<stepValue:<stepValue:"*{} Saniye Bekle" parameterizedStepValue:"*<1> Saniye Bekle" parameters:"1" > > 
13-08-2020 14:43:01.722 [Gauge] [DEBUG] Api Request Received: messageType:GetStepValueRequest messageId:4 stepValueRequest:<stepText:"*Css \"input[name'password']\" bul \"Testtest1\" g\303\266nder" > 
13-08-2020 14:43:01.722 [Gauge] [DEBUG] Sending API response: messageType:GetStepValueResponse messageId:4 stepValueResponse:<stepValue:<stepValue:"*Css {} bul {} g\303\266nder" parameterizedStepValue:"*Css <input[name'password']> bul <Testtest1> g\303\266nder" parameters:"input[name'password']" parameters:"Testtest1" > > 
13-08-2020 14:43:01.722 [Gauge] [DEBUG] Api Request Received: messageType:GetStepValueRequest messageId:4 stepValueRequest:<stepText:"* Validate login" > 
13-08-2020 14:43:01.722 [Gauge] [DEBUG] Sending API response: messageType:GetStepValueResponse messageId:4 stepValueResponse:<stepValue:<stepValue:"* Validate login" parameterizedStepValue:"* Validate login" > > 
13-08-2020 14:43:01.722 [Gauge] [DEBUG] Api Request Received: messageType:GetStepValueRequest messageId:4 stepValueRequest:<stepText:"*\"2\" Saniye Bekle" > 
13-08-2020 14:43:01.722 [Gauge] [DEBUG] Sending API response: messageType:GetStepValueResponse messageId:4 stepValueResponse:<stepValue:<stepValue:"*{} Saniye Bekle" parameterizedStepValue:"*<2> Saniye Bekle" parameters:"2" > > 
13-08-2020 14:43:01.776 [Gauge] [DEBUG] Api Request Received: messageType:GetStepValueRequest messageId:4 stepValueRequest:<stepText:"Random click" > 
13-08-2020 14:43:01.776 [Gauge] [DEBUG] Sending API response: messageType:GetStepValueResponse messageId:4 stepValueResponse:<stepValue:<stepValue:"Random click" parameterizedStepValue:"Random click" > > 
13-08-2020 14:56:40.558 [Gauge] [DEBUG] Api Request Received: messageType:GetStepValueRequest messageId:4 stepValueRequest:<stepText:"Css \"a[id='login']\" t\304\261kla" > 
13-08-2020 14:56:40.558 [Gauge] [DEBUG] Sending API response: messageType:GetStepValueResponse messageId:4 stepValueResponse:<stepValue:<stepValue:"Css {} t\304\261kla" parameterizedStepValue:"Css <a[id='login']> t\304\261kla" parameters:"a[id='login']" > > 
13-08-2020 14:56:40.578 [Gauge] [DEBUG] Api Request Received: messageType:GetStepValueRequest messageId:4 stepValueRequest:<stepText:"Css \"input[name'username']\" bul \"gokhan.ozhan@testinium.com\" g\303\266nder" > 
13-08-2020 14:56:40.578 [Gauge] [DEBUG] Sending API response: messageType:GetStepValueResponse messageId:4 stepValueResponse:<stepValue:<stepValue:"Css {} bul {} g\303\266nder" parameterizedStepValue:"Css <input[name'username']> bul <gokhan.ozhan@testinium.com> g\303\266nder" parameters:"input[name'username']" parameters:"gokhan.ozhan@testinium.com" > > 
13-08-2020 14:56:40.580 [Gauge] [DEBUG] Api Request Received: messageType:GetStepValueRequest messageId:4 stepValueRequest:<stepText:"\"1\" Saniye Bekle" > 
13-08-2020 14:56:40.580 [Gauge] [DEBUG] Sending API response: messageType:GetStepValueResponse messageId:4 stepValueResponse:<stepValue:<stepValue:"{} Saniye Bekle" parameterizedStepValue:"<1> Saniye Bekle" parameters:"1" > > 
13-08-2020 14:56:40.581 [Gauge] [DEBUG] Api Request Received: messageType:GetStepValueRequest messageId:4 stepValueRequest:<stepText:"Css \"input[name'password']\" bul \"Testtest1\" g\303\266nder" > 
13-08-2020 14:56:40.581 [Gauge] [DEBUG] Sending API response: messageType:GetStepValueResponse messageId:4 stepValueResponse:<stepValue:<stepValue:"Css {} bul {} g\303\266nder" parameterizedStepValue:"Css <input[name'password']> bul <Testtest1> g\303\266nder" parameters:"input[name'password']" parameters:"Testtest1" > > 
13-08-2020 14:56:40.583 [Gauge] [DEBUG] Api Request Received: messageType:GetStepValueRequest messageId:4 stepValueRequest:<stepText:"Css \"button[name'btnLogin']\" t\304\261kla" > 
13-08-2020 14:56:40.583 [Gauge] [DEBUG] Sending API response: messageType:GetStepValueResponse messageId:4 stepValueResponse:<stepValue:<stepValue:"Css {} t\304\261kla" parameterizedStepValue:"Css <button[name'btnLogin']> t\304\261kla" parameters:"button[name'btnLogin']" > > 
13-08-2020 14:56:40.586 [Gauge] [DEBUG] Api Request Received: messageType:GetStepValueRequest messageId:4 stepValueRequest:<stepText:"Select random brand" > 
13-08-2020 14:56:40.586 [Gauge] [DEBUG] Sending API response: messageType:GetStepValueResponse messageId:4 stepValueResponse:<stepValue:<stepValue:"Select random brand" parameterizedStepValue:"Select random brand" > > 
13-08-2020 14:56:40.652 [Gauge] [DEBUG] Api Request Received: messageType:GetStepValueRequest messageId:4 stepValueRequest:<stepText:" Kullan\304\261c\304\261 ad\304\261 \"gokhan.ozhan@testinium.com\" ve \305\237ifre bilgisi \"Testtest1\" ile login i\305\237lemi" > 
13-08-2020 14:56:40.652 [Gauge] [DEBUG] Sending API response: messageType:GetStepValueResponse messageId:4 stepValueResponse:<stepValue:<stepValue:"Kullan\304\261c\304\261 ad\304\261 {} ve \305\237ifre bilgisi {} ile login i\305\237lemi" parameterizedStepValue:"Kullan\304\261c\304\261 ad\304\261 <gokhan.ozhan@testinium.com> ve \305\237ifre bilgisi <Testtest1> ile login i\305\237lemi" parameters:"gokhan.ozhan@testinium.com" parameters:"Testtest1" > > 
13-08-2020 14:56:40.652 [Gauge] [DEBUG] Api Request Received: messageType:GetStepValueRequest messageId:4 stepValueRequest:<stepText:" Login kontrol\303\274 yap\304\261l\304\261r. E\304\237er login ba\305\237ar\304\261l\304\261 olmu\305\237sa sepet tutar kontrol edilir" > 
13-08-2020 14:56:40.652 [Gauge] [DEBUG] Sending API response: messageType:GetStepValueResponse messageId:4 stepValueResponse:<stepValue:<stepValue:"Login kontrol\303\274 yap\304\261l\304\261r. E\304\237er login ba\305\237ar\304\261l\304\261 olmu\305\237sa sepet tutar kontrol edilir" parameterizedStepValue:"Login kontrol\303\274 yap\304\261l\304\261r. E\304\237er login ba\305\237ar\304\261l\304\261 olmu\305\237sa sepet tutar kontrol edilir" > > 
13-08-2020 14:56:40.653 [Gauge] [DEBUG] Api Request Received: messageType:GetStepValueRequest messageId:4 stepValueRequest:<stepText:" Rastgele bir kategorinin \303\274zerine gelinir ve alt kategorilerden rastgele bir alt kategori se\303\247ilir" > 
13-08-2020 14:56:40.653 [Gauge] [DEBUG] Sending API response: messageType:GetStepValueResponse messageId:4 stepValueResponse:<stepValue:<stepValue:"Rastgele bir kategorinin \303\274zerine gelinir ve alt kategorilerden rastgele bir alt kategori se\303\247ilir" parameterizedStepValue:"Rastgele bir kategorinin \303\274zerine gelinir ve alt kategorilerden rastgele bir alt kategori se\303\247ilir" > > 
13-08-2020 14:56:40.653 [Gauge] [DEBUG] Api Request Received: messageType:GetStepValueRequest messageId:4 stepValueRequest:<stepText:" Rastgele bir marka se\303\247ilir" > 
13-08-2020 14:56:40.653 [Gauge] [DEBUG] Sending API response: messageType:GetStepValueResponse messageId:4 stepValueResponse:<stepValue:<stepValue:"Rastgele bir marka se\303\247ilir" parameterizedStepValue:"Rastgele bir marka se\303\247ilir" > > 
13-08-2020 14:57:45.081 [Gauge] [INFO] Spec file added / modified: C:\Users\testinium\IdeaProjects\GaugeProject\specs\example.spec
13-08-2020 14:57:45.082 [Gauge] [INFO] Spec file added / modified: C:\Users\testinium\IdeaProjects\GaugeProject\specs\example.spec
13-08-2020 14:57:45.096 [Gauge] [INFO] Concept file added / modified: C:\Users\testinium\IdeaProjects\GaugeProject\specs\Main.cpt
13-08-2020 14:57:45.101 [Gauge] [ERROR] Parse failure: [[ParseError] C:\Users\testinium\IdeaProjects\GaugeProject\specs\Main.cpt:4 Concept heading can have only Dynamic Parameters => 'Kullanıcı adı "gokhan.ozhan@testinium.com" ve şifre bilgisi "Testtest1" ile login işlemi' [ParseError] C:\Users\testinium\IdeaProjects\GaugeProject\specs\Main.cpt:5 Step is not defined inside a concept heading => 'Css "a[id='login']" tıkla' [ParseError] C:\Users\testinium\IdeaProjects\GaugeProject\specs\Main.cpt:6 Step is not defined inside a concept heading => '"2" Saniye Bekle' [ParseError] C:\Users\testinium\IdeaProjects\GaugeProject\specs\Main.cpt:7 Step is not defined inside a concept heading => 'Css "input[name'username']" bul "gokhan.ozhan@testinium.com" gönder' [ParseError] C:\Users\testinium\IdeaProjects\GaugeProject\specs\Main.cpt:8 Step is not defined inside a concept heading => '"1" Saniye Bekle' [ParseError] C:\Users\testinium\IdeaProjects\GaugeProject\specs\Main.cpt:9 Step is not defined inside a concept heading => 'Css "input[name'password']" bul "Testtest1" gönder' [ParseError] C:\Users\testinium\IdeaProjects\GaugeProject\specs\Main.cpt:10 Step is not defined inside a concept heading => '"1" Saniye Bekle' [ParseError] C:\Users\testinium\IdeaProjects\GaugeProject\specs\Main.cpt:11 Step is not defined inside a concept heading => 'Css "button[name'btnLogin']" tıkla']
13-08-2020 14:57:45.101 [Gauge] [INFO] Concept file added / modified: C:\Users\testinium\IdeaProjects\GaugeProject\specs\Main.cpt
13-08-2020 14:57:45.101 [Gauge] [ERROR] Parse failure: [[ParseError] C:\Users\testinium\IdeaProjects\GaugeProject\specs\Main.cpt:4 Concept heading can have only Dynamic Parameters => 'Kullanıcı adı "gokhan.ozhan@testinium.com" ve şifre bilgisi "Testtest1" ile login işlemi' [ParseError] C:\Users\testinium\IdeaProjects\GaugeProject\specs\Main.cpt:5 Step is not defined inside a concept heading => 'Css "a[id='login']" tıkla' [ParseError] C:\Users\testinium\IdeaProjects\GaugeProject\specs\Main.cpt:6 Step is not defined inside a concept heading => '"2" Saniye Bekle' [ParseError] C:\Users\testinium\IdeaProjects\GaugeProject\specs\Main.cpt:7 Step is not defined inside a concept heading => 'Css "input[name'username']" bul "gokhan.ozhan@testinium.com" gönder' [ParseError] C:\Users\testinium\IdeaProjects\GaugeProject\specs\Main.cpt:8 Step is not defined inside a concept heading => '"1" Saniye Bekle' [ParseError] C:\Users\testinium\IdeaProjects\GaugeProject\specs\Main.cpt:9 Step is not defined inside a concept heading => 'Css "input[name'password']" bul "Testtest1" gönder' [ParseError] C:\Users\testinium\IdeaProjects\GaugeProject\specs\Main.cpt:10 Step is not defined inside a concept heading => '"1" Saniye Bekle' [ParseError] C:\Users\testinium\IdeaProjects\GaugeProject\specs\Main.cpt:11 Step is not defined inside a concept heading => 'Css "button[name'btnLogin']" tıkla']
